{
  "stats": {
    "suites": 1,
    "tests": 6,
    "passes": 6,
    "pending": 0,
    "failures": 0,
    "start": "2025-05-29T02:49:15.174Z",
    "end": "2025-05-29T02:50:35.576Z",
    "duration": 80402,
    "testsRegistered": 6,
    "passPercent": 100,
    "pendingPercent": 0,
    "other": 0,
    "hasOther": false,
    "skipped": 0,
    "hasSkipped": false
  },
  "results": [
    {
      "uuid": "18bcf3c4-598c-4dff-972c-bf0f6f9ec8d0",
      "title": "",
      "fullFile": "cypress\\e2e\\projetos_e2e.cy.js",
      "file": "cypress\\e2e\\projetos_e2e.cy.js",
      "beforeHooks": [],
      "afterHooks": [],
      "tests": [],
      "suites": [
        {
          "uuid": "500b48e6-ae54-4bf6-9f8c-e3e6e6955849",
          "title": "Testes E2E - Projetos",
          "fullFile": "",
          "file": "",
          "beforeHooks": [],
          "afterHooks": [],
          "tests": [
            {
              "title": "Teste positivo - Criação de projeto manualmente com sucesso (CREATE)",
              "fullTitle": "Testes E2E - Projetos Teste positivo - Criação de projeto manualmente com sucesso (CREATE)",
              "timedOut": null,
              "duration": 7570,
              "state": "passed",
              "speed": "medium",
              "pass": true,
              "fail": false,
              "pending": false,
              "context": null,
              "code": "const nomeBase = \"Relógio do Ben 10 \";\nconst numeroAleatorio = Math.floor(Math.random() * 10001) * Math.floor(Math.random() * 10001);\nconst nomeFinal = nomeBase + numeroAleatorio;\ncy.login();\ncy.get('.sc-jdHILj').click();\ncy.get('[href=\"/adm/add-projeto/cadastro\"]').click();\ncy.get('.sc-fYrVWQ > .sc-hsaIUA').type(nomeFinal);\ncy.get(':nth-child(2) > :nth-child(2) > .sc-hsaIUA').type(\"pizzonin@inatel.br\");\ncy.get(':nth-child(6) > :nth-child(2) > .sc-hsaIUA').type(\"chris@inatel.br\");\ncy.get(':nth-child(1) > .sc-bZTyFN > .sc-hlqirL').select(\"Sem pendências\");\ncy.get(':nth-child(2) > .sc-bZTyFN > .sc-hlqirL').select(\"Outro\");\ncy.get('.sc-eGgGjL > :nth-child(1)').click();\ncy.wait(500);\ncy.get('.Toastify__toast-body > :nth-child(2)').should(\"contain.text\", \"Equipe criada com sucesso\");\ncy.get('.sc-eGgGjL > :nth-child(2)').click();\ncy.get('.sc-fHejqy > .sc-irLvIq > .sc-csKJxZ').click();",
              "err": {},
              "uuid": "0995c4df-350d-435b-a221-f397b94fdbd9",
              "parentUUID": "500b48e6-ae54-4bf6-9f8c-e3e6e6955849",
              "isHook": false,
              "skipped": false
            },
            {
              "title": "Teste positivo - buscar o projeto inserido e clicar nele com sucesso (READ)",
              "fullTitle": "Testes E2E - Projetos Teste positivo - buscar o projeto inserido e clicar nele com sucesso (READ)",
              "timedOut": null,
              "duration": 12448,
              "state": "passed",
              "speed": "slow",
              "pass": true,
              "fail": false,
              "pending": false,
              "context": null,
              "code": "criarProjeto();\ncy.login();\nconst nomeFinal = Cypress.env('nomeProjeto');\ncy.get('.sc-ckdEwu').type(nomeFinal);\ncy.get('.sc-gjLLEI').click();\ncy.get('.sc-fHejqy > .sc-irLvIq > .sc-csKJxZ').click();",
              "err": {},
              "uuid": "98a0efb2-830a-4238-a3fb-3112b725b952",
              "parentUUID": "500b48e6-ae54-4bf6-9f8c-e3e6e6955849",
              "isHook": false,
              "skipped": false
            },
            {
              "title": "Teste positivo - inserir um aluno extra no projeto (UPDATE)",
              "fullTitle": "Testes E2E - Projetos Teste positivo - inserir um aluno extra no projeto (UPDATE)",
              "timedOut": null,
              "duration": 11924,
              "state": "passed",
              "speed": "slow",
              "pass": true,
              "fail": false,
              "pending": false,
              "context": null,
              "code": "criarProjeto();\ncy.login();\nconst nomeFinal = Cypress.env('nomeProjeto');\ncy.get('.sc-ckdEwu').type(nomeFinal);\ncy.get('.sc-gjLLEI').click();\ncy.get('.sc-cPtzlb > .sc-irLvIq > .sc-csKJxZ').click();\ncy.get('.sc-ppzwM').type(\"fonseca@inatel.br\");\ncy.get('.sc-ldgOGP').select(\"Integrante 3\");\ncy.get('.sc-hiTDLB').click();\ncy.get('.iTLMzn > .sc-csKJxZ').click();\ncy.get('.Toastify__toast-body > :nth-child(2)').should(\"contain.text\", \"Projeto atualizado com sucesso!\");\ncy.get('.eRUujA > .sc-csKJxZ').click();\ncy.get('.sc-fHejqy > .sc-irLvIq > .sc-csKJxZ').click();",
              "err": {},
              "uuid": "7e14d020-ab8c-4f83-9fe8-42ac1137b15c",
              "parentUUID": "500b48e6-ae54-4bf6-9f8c-e3e6e6955849",
              "isHook": false,
              "skipped": false
            },
            {
              "title": "Teste negativo - inserir um aluno extra no projeto (UPDATE) que já está no projeto (ERRO)",
              "fullTitle": "Testes E2E - Projetos Teste negativo - inserir um aluno extra no projeto (UPDATE) que já está no projeto (ERRO)",
              "timedOut": null,
              "duration": 13335,
              "state": "passed",
              "speed": "slow",
              "pass": true,
              "fail": false,
              "pending": false,
              "context": null,
              "code": "criarProjeto();\ncy.login();\nconst nomeFinal = Cypress.env('nomeProjeto');\ncy.get('.sc-ckdEwu').type(nomeFinal);\ncy.get('.sc-gjLLEI').click();\ncy.get('.sc-cPtzlb > .sc-irLvIq > .sc-csKJxZ').click();\ncy.get('.sc-ppzwM').type(\"pizzonin@inatel.br\");\ncy.get('.sc-ldgOGP').select(\"Integrante 3\");\ncy.get('.sc-hiTDLB').click();\ncy.wait(500);\ncy.get('.iTLMzn > .sc-csKJxZ').click();\ncy.get('.Toastify__toast-body > :nth-child(2)').should(\"contain.text\", \"Error: Não permitido o cadastro do mesmo aluno duas vezes\");",
              "err": {},
              "uuid": "5c6fc611-4b4f-4f92-814b-f5c2be76aae7",
              "parentUUID": "500b48e6-ae54-4bf6-9f8c-e3e6e6955849",
              "isHook": false,
              "skipped": false
            },
            {
              "title": "Teste positivo - deletar o projeto inserido com sucesso (DELETE)",
              "fullTitle": "Testes E2E - Projetos Teste positivo - deletar o projeto inserido com sucesso (DELETE)",
              "timedOut": null,
              "duration": 13303,
              "state": "passed",
              "speed": "slow",
              "pass": true,
              "fail": false,
              "pending": false,
              "context": null,
              "code": "criarProjeto();\ncy.login();\nconst nomeFinal = Cypress.env('nomeProjeto');\ncy.get('.sc-ckdEwu').type(nomeFinal);\ncy.get('.sc-gjLLEI').click();\ncy.wait(500);\ncy.get('.sc-iCKXBC > [viewBox=\"0 0 448 512\"]').click();\ncy.wait(500);\ncy.get('.sc-cZpZpK > :nth-child(1)').click();",
              "err": {},
              "uuid": "8bd51c46-888e-4f32-a316-0268be4aa4f4",
              "parentUUID": "500b48e6-ae54-4bf6-9f8c-e3e6e6955849",
              "isHook": false,
              "skipped": false
            },
            {
              "title": "Teste positivo - buscar o projeto inserido, mudar o nome e depois pesquisar ele novamente com sucesso(READ)",
              "fullTitle": "Testes E2E - Projetos Teste positivo - buscar o projeto inserido, mudar o nome e depois pesquisar ele novamente com sucesso(READ)",
              "timedOut": null,
              "duration": 19083,
              "state": "passed",
              "speed": "slow",
              "pass": true,
              "fail": false,
              "pending": false,
              "context": null,
              "code": "criarProjeto();\ncy.login();\nconst nomeFinal = Cypress.env('nomeProjeto');\ncy.get('.sc-ckdEwu').type(nomeFinal);\ncy.get('.sc-gjLLEI').click();\ncy.wait(500);\ncy.get('.sc-iCKXBC > [viewBox=\"0 0 576 512\"]').click();\ncy.wait(500);\ncy.get('.sc-iVheDh').clear();\ncy.wait(500);\ncy.get('.sc-iVheDh').type(nomeFinal + \" - Atualizado\");\ncy.wait(500);\ncy.get('.sc-iCKXBC> [viewBox=\"0 0 448 512\"]').click();\ncy.get('.iTLMzn > .sc-csKJxZ').click();\ncy.get('.Toastify__toast-body > :nth-child(2)').should(\"contain.text\", \"Projeto atualizado com sucesso!\");\ncy.get('.eRUujA > .sc-csKJxZ').click();\ncy.get('.sc-ckdEwu').type(nomeFinal + \" - Atualizado\");\ncy.get('.sc-gjLLEI').click();",
              "err": {},
              "uuid": "2e954a1d-7782-4ca9-a3d9-bf467e59d155",
              "parentUUID": "500b48e6-ae54-4bf6-9f8c-e3e6e6955849",
              "isHook": false,
              "skipped": false
            }
          ],
          "suites": [],
          "passes": [
            "0995c4df-350d-435b-a221-f397b94fdbd9",
            "98a0efb2-830a-4238-a3fb-3112b725b952",
            "7e14d020-ab8c-4f83-9fe8-42ac1137b15c",
            "5c6fc611-4b4f-4f92-814b-f5c2be76aae7",
            "8bd51c46-888e-4f32-a316-0268be4aa4f4",
            "2e954a1d-7782-4ca9-a3d9-bf467e59d155"
          ],
          "failures": [],
          "pending": [],
          "skipped": [],
          "duration": 77663,
          "root": false,
          "rootEmpty": false,
          "_timeout": 2000
        }
      ],
      "passes": [],
      "failures": [],
      "pending": [],
      "skipped": [],
      "duration": 0,
      "root": true,
      "rootEmpty": true,
      "_timeout": 2000
    }
  ],
  "meta": {
    "mocha": {
      "version": "7.2.0"
    },
    "mochawesome": {
      "options": {
        "quiet": false,
        "reportFilename": "mochawesome",
        "saveHtml": true,
        "saveJson": true,
        "consoleReporter": "spec",
        "useInlineDiffs": false,
        "code": true
      },
      "version": "7.1.3"
    },
    "marge": {
      "options": null,
      "version": "6.2.0"
    }
  }
}